Traceback (most recent call last):
  File "/opt/conda/lib/python3.11/site-packages/jupyter_cache/executors/utils.py", line 58, in single_nb_execution
    executenb(
  File "/opt/conda/lib/python3.11/site-packages/nbclient/client.py", line 1305, in execute
    return NotebookClient(nb=nb, resources=resources, km=km, **kwargs).execute()
           ^^^^^^^^^^^^^^^^^^^^^^^^^^^^^^^^^^^^^^^^^^^^^^^^^^^^^^^^^^^^^^^^^^^^^
  File "/opt/conda/lib/python3.11/site-packages/jupyter_core/utils/__init__.py", line 173, in wrapped
    return loop.run_until_complete(inner)
           ^^^^^^^^^^^^^^^^^^^^^^^^^^^^^^
  File "/opt/conda/lib/python3.11/asyncio/base_events.py", line 653, in run_until_complete
    return future.result()
           ^^^^^^^^^^^^^^^
  File "/opt/conda/lib/python3.11/site-packages/nbclient/client.py", line 705, in async_execute
    await self.async_execute_cell(
  File "/opt/conda/lib/python3.11/site-packages/nbclient/client.py", line 1058, in async_execute_cell
    await self._check_raise_for_error(cell, cell_index, exec_reply)
  File "/opt/conda/lib/python3.11/site-packages/nbclient/client.py", line 914, in _check_raise_for_error
    raise CellExecutionError.from_cell_and_msg(cell, exec_reply_content)
nbclient.exceptions.CellExecutionError: An error occurred while executing the following cell:
------------------
# Logistic Regression on the test set

# Use the selected hyperparameters
best_C = random_search.best_params_['logisticregression__C']
plot_confusion_matrix = True

pipe_lr = make_pipeline(
    preprocessor,
    LogisticRegression(C=best_C,
                        random_state=RANDOM_STATE) 
    )
# Train the model
pipe_lr.fit(X_tr,  y_tr)

fpr_lr, tpr_lr, auc_lr= compute_and_plot_roc_curve(pipe_lr, X_test,  y_test, "Logistic Regression")

model_lr = model_report(pipe_lr, X_test, y_test, "Logistic Regression")
model_lr
------------------


[0;31m---------------------------------------------------------------------------[0m
[0;31mValueError[0m                                Traceback (most recent call last)
Cell [0;32mIn[37], line 15[0m
[1;32m     12[0m [38;5;66;03m# Train the model[39;00m
[1;32m     13[0m pipe_lr[38;5;241m.[39mfit(X_tr,  y_tr)
[0;32m---> 15[0m fpr_lr, tpr_lr, auc_lr[38;5;241m=[39m compute_and_plot_roc_curve(pipe_lr, X_test,  y_test, [38;5;124m"[39m[38;5;124mLogistic Regression[39m[38;5;124m"[39m)
[1;32m     17[0m model_lr [38;5;241m=[39m model_report(pipe_lr, X_test, y_test, [38;5;124m"[39m[38;5;124mLogistic Regression[39m[38;5;124m"[39m)
[1;32m     18[0m model_lr

[0;31mValueError[0m: too many values to unpack (expected 3)

